 
****************************************
Report : area
Design : qpsk_top
Version: U-2022.12
Date   : Tue Nov 14 17:37:54 2023
****************************************

Library(s) Used:

    slow (File: /CBDK/CBDK_IC_Contest_v2.5/SynopsysDC/db/slow.db)

Number of ports:                         2585
Number of nets:                          6377
Number of cells:                         3296
Number of combinational cells:           2104
Number of sequential cells:               990
Number of macros/black boxes:               0
Number of buf/inv:                        409
Number of references:                      13

Combinational area:              40700.258435
Buf/Inv area:                     2196.435570
Noncombinational area:           32043.516163
Macro/Black Box area:                0.000000
Net Interconnect area:          366475.250977

Total cell area:                 72743.774598
Total area:                     439219.025575
1
